   1              		.arch armv6
   2              		.eabi_attribute 27, 3
   3              		.eabi_attribute 28, 1
   4              		.fpu vfp
   5              		.eabi_attribute 20, 1
   6              		.eabi_attribute 21, 1
   7              		.eabi_attribute 23, 3
   8              		.eabi_attribute 24, 1
   9              		.eabi_attribute 25, 1
  10              		.eabi_attribute 26, 2
  11              		.eabi_attribute 30, 6
  12              		.eabi_attribute 34, 1
  13              		.eabi_attribute 18, 4
  14              		.file	"argv.c"
  15              		.text
  16              	.Ltext0:
  17              		.cfi_sections	.debug_frame
  18              		.section	.rodata
  19              		.align	2
  20              	.LC0:
  21 0000 25660A00 		.ascii	"%f\012\000"
  22              		.text
  23              		.align	2
  24              		.global	main
  26              	main:
  27              	.LFB0:
  28              		.file 1 "argv.c"
   1:argv.c        **** /*
   2:argv.c        ****  * argv.c
   3:argv.c        ****  *
   4:argv.c        ****  *  Created on: 12.04.2013
   5:argv.c        ****  *      Author: igor
   6:argv.c        ****  */
   7:argv.c        **** #include <stdio.h>
   8:argv.c        **** #include <stdlib.h>
   9:argv.c        **** 
  10:argv.c        **** int
  11:argv.c        **** main(int argc, char *argv[])
  12:argv.c        **** {
  29              		.loc 1 12 0
  30              		.cfi_startproc
  31              		@ args = 0, pretend = 0, frame = 40
  32              		@ frame_needed = 1, uses_anonymous_args = 0
  33 0000 00482DE9 		stmfd	sp!, {fp, lr}
  34              	.LCFI0:
  35              		.cfi_def_cfa_offset 8
  36              		.cfi_offset 11, -8
  37              		.cfi_offset 14, -4
  38 0004 04B08DE2 		add	fp, sp, #4
  39              	.LCFI1:
  40              		.cfi_def_cfa 11, 4
  41 0008 28D04DE2 		sub	sp, sp, #40
  42 000c 28000BE5 		str	r0, [fp, #-40]
  43 0010 2C100BE5 		str	r1, [fp, #-44]
  13:argv.c        ****     if (argc > 1)
  44              		.loc 1 13 0
  45 0014 28301BE5 		ldr	r3, [fp, #-40]
  46 0018 010053E3 		cmp	r3, #1
  47 001c 170000DA 		ble	.L2
  48              	.LBB2:
  14:argv.c        ****     {
  15:argv.c        ****         int a = 1;
  49              		.loc 1 15 0
  50 0020 0130A0E3 		mov	r3, #1
  51 0024 08300BE5 		str	r3, [fp, #-8]
  16:argv.c        ****         double y = 0.5L;
  52              		.loc 1 16 0
  53 0028 60308FE2 		adr	r3, .L4
  54 002c D020C3E1 		ldrd	r2, [r3]
  55 0030 F4214BE1 		strd	r2, [fp, #-20]
  17:argv.c        ****         double x = 0.7L;
  56              		.loc 1 17 0
  57 0034 5C308FE2 		adr	r3, .L4+8
  58 0038 D020C3E1 		ldrd	r2, [r3]
  59 003c FC214BE1 		strd	r2, [fp, #-28]
  18:argv.c        ****         double z = 1.2L;
  60              		.loc 1 18 0
  61 0040 58308FE2 		adr	r3, .L4+16
  62 0044 D020C3E1 		ldrd	r2, [r3]
  63 0048 F4224BE1 		strd	r2, [fp, #-36]
  19:argv.c        ****         printf("%f\n", x+y+z);
  64              		.loc 1 19 0
  65 004c 076B1BED 		fldd	d6, [fp, #-28]
  66 0050 057B1BED 		fldd	d7, [fp, #-20]
  67 0054 076B36EE 		faddd	d6, d6, d7
  68 0058 097B1BED 		fldd	d7, [fp, #-36]
  69 005c 077B36EE 		faddd	d7, d6, d7
  70 0060 40009FE5 		ldr	r0, .L4+24
  71 0064 172B53EC 		fmrrd	r2, r3, d7
  72 0068 FEFFFFEB 		bl	printf
  20:argv.c        ****         puts(argv[1]);
  73              		.loc 1 20 0
  74 006c 2C301BE5 		ldr	r3, [fp, #-44]
  75 0070 043083E2 		add	r3, r3, #4
  76 0074 003093E5 		ldr	r3, [r3, #0]
  77 0078 0300A0E1 		mov	r0, r3
  78 007c FEFFFFEB 		bl	puts
  79              	.L2:
  80              	.LBE2:
  21:argv.c        ****     }
  22:argv.c        ****     return EXIT_SUCCESS;
  81              		.loc 1 22 0
  82 0080 0030A0E3 		mov	r3, #0
  23:argv.c        **** }
  83              		.loc 1 23 0
  84 0084 0300A0E1 		mov	r0, r3
  85 0088 04D04BE2 		sub	sp, fp, #4
  86 008c 0088BDE8 		ldmfd	sp!, {fp, pc}
  87              	.L5:
  88              		.align	3
  89              	.L4:
  90 0090 00000000 		.word	0
  91 0094 0000E03F 		.word	1071644672
  92 0098 66666666 		.word	1717986918
  93 009c 6666E63F 		.word	1072064102
  94 00a0 33333333 		.word	858993459
  95 00a4 3333F33F 		.word	1072902963
  96 00a8 00000000 		.word	.LC0
  97              		.cfi_endproc
  98              	.LFE0:
 100              	.Letext0:
